android/app/build/intermediates/manifest_merge_blame_file/debug/manifest-merger-blame-debug-report.txt
1<?xml version="1.0" encoding="utf-8"?>
2<manifest xmlns:android="http://schemas.android.com/apk/res/android"
3    package="com.luxtechfirebase"
4    android:versionCode="1"
5    android:versionName="1.0" >
6
7    <uses-sdk
8        android:minSdkVersion="21"
9        android:targetSdkVersion="33" />
10
11    <uses-permission android:name="android.permission.SYSTEM_ALERT_WINDOW" />
11-->src\debug\AndroidManifest.xml:5:5-77
11-->src\debug\AndroidManifest.xml:5:22-75
12    <uses-permission android:name="android.permission.INTERNET" />
12-->src\main\AndroidManifest.xml:5:5-67
12-->src\main\AndroidManifest.xml:5:22-64
13    <uses-permission android:name="android.permission.WAKE_LOCK" />
13-->[:react-native-firebase_auth] AndroidManifest.xml:10:5-68
13-->[:react-native-firebase_auth] AndroidManifest.xml:10:22-65
14    <uses-permission android:name="android.permission.ACCESS_NETWORK_STATE" />
14-->[:react-native-firebase_auth] AndroidManifest.xml:11:5-79
14-->[:react-native-firebase_auth] AndroidManifest.xml:11:22-76
15    <uses-permission android:name="android.permission.ACCESS_WIFI_STATE" />
15-->[com.facebook.flipper:flipper:0.125.0] AndroidManifest.xml:16:5-76
15-->[com.facebook.flipper:flipper:0.125.0] AndroidManifest.xml:16:22-73
16
17    <application
17-->src\main\AndroidManifest.xml:7:5-25:19
18        android:name="com.luxtechfirebase.MainApplication"
18-->src\main\AndroidManifest.xml:8:9-40
19        android:appComponentFactory="androidx.core.app.CoreComponentFactory"
19-->[androidx.core:core:1.7.0] AndroidManifest.xml:24:18-86
20        android:debuggable="true"
21        android:icon="@mipmap/logo_icon_foreground"
21-->src\main\AndroidManifest.xml:9:9-52
22        android:label="@string/app_name"
22-->src\main\AndroidManifest.xml:10:9-41
23        android:roundIcon="@mipmap/logo_icon"
23-->src\main\AndroidManifest.xml:11:9-46
24        android:theme="@style/AppTheme"
24-->src\main\AndroidManifest.xml:12:9-40
25        android:usesCleartextTraffic="true" >
25-->src\debug\AndroidManifest.xml:8:9-44
26        <activity
26-->src\debug\AndroidManifest.xml:11:9-111
27            android:name="com.facebook.react.devsupport.DevSettingsActivity"
27-->src\debug\AndroidManifest.xml:11:19-83
28            android:exported="false" />
28-->src\debug\AndroidManifest.xml:11:84-108
29        <activity
29-->src\main\AndroidManifest.xml:13:9-24:20
30            android:name="com.luxtechfirebase.MainActivity"
30-->src\main\AndroidManifest.xml:14:13-41
31            android:configChanges="keyboard|keyboardHidden|orientation|screenLayout|screenSize|smallestScreenSize|uiMode"
31-->src\main\AndroidManifest.xml:15:13-122
32            android:exported="true"
32-->src\main\AndroidManifest.xml:16:13-36
33            android:launchMode="singleTask"
33-->src\main\AndroidManifest.xml:17:13-44
34            android:windowSoftInputMode="adjustResize" >
34-->src\main\AndroidManifest.xml:18:13-55
35            <intent-filter>
35-->src\main\AndroidManifest.xml:19:13-23:29
36                <action android:name="android.intent.action.MAIN" />
36-->src\main\AndroidManifest.xml:20:17-69
36-->src\main\AndroidManifest.xml:20:25-66
37
38                <category android:name="android.intent.category.LAUNCHER" />
38-->src\main\AndroidManifest.xml:22:17-77
38-->src\main\AndroidManifest.xml:22:27-74
39            </intent-filter>
40        </activity>
41
42        <meta-data
42-->[:react-native-firebase_app] AndroidManifest.xml:11:9-13:36
43            android:name="app_data_collection_default_enabled"
43-->[:react-native-firebase_app] AndroidManifest.xml:12:13-63
44            android:value="true" />
44-->[:react-native-firebase_app] AndroidManifest.xml:13:13-33
45
46        <service
46-->[:react-native-firebase_app] AndroidManifest.xml:15:9-23:19
47            android:name="com.google.firebase.components.ComponentDiscoveryService"
47-->[:react-native-firebase_app] AndroidManifest.xml:16:13-84
48            android:directBootAware="true"
48-->[:react-native-firebase_app] AndroidManifest.xml:17:13-43
49            android:exported="false" >
49-->[:react-native-firebase_app] AndroidManifest.xml:18:13-37
50            <meta-data
50-->[:react-native-firebase_app] AndroidManifest.xml:20:13-22:85
51                android:name="com.google.firebase.components:io.invertase.firebase.app.ReactNativeFirebaseAppRegistrar"
51-->[:react-native-firebase_app] AndroidManifest.xml:21:17-120
52                android:value="com.google.firebase.components.ComponentRegistrar" />
52-->[:react-native-firebase_app] AndroidManifest.xml:22:17-82
53            <meta-data
53-->[com.google.firebase:firebase-auth:21.3.0] AndroidManifest.xml:69:13-71:85
54                android:name="com.google.firebase.components:com.google.firebase.auth.FirebaseAuthRegistrar"
54-->[com.google.firebase:firebase-auth:21.3.0] AndroidManifest.xml:70:17-109
55                android:value="com.google.firebase.components.ComponentRegistrar" />
55-->[com.google.firebase:firebase-auth:21.3.0] AndroidManifest.xml:71:17-82
56            <meta-data
56-->[com.google.firebase:firebase-firestore:24.5.0] AndroidManifest.xml:19:13-21:85
57                android:name="com.google.firebase.components:com.google.firebase.firestore.FirestoreRegistrar"
57-->[com.google.firebase:firebase-firestore:24.5.0] AndroidManifest.xml:20:17-111
58                android:value="com.google.firebase.components.ComponentRegistrar" />
58-->[com.google.firebase:firebase-firestore:24.5.0] AndroidManifest.xml:21:17-82
59        </service>
60
61        <provider
61-->[:react-native-firebase_app] AndroidManifest.xml:25:9-29:38
62            android:name="io.invertase.firebase.app.ReactNativeFirebaseAppInitProvider"
62-->[:react-native-firebase_app] AndroidManifest.xml:26:13-88
63            android:authorities="com.luxtechfirebase.reactnativefirebaseappinitprovider"
63-->[:react-native-firebase_app] AndroidManifest.xml:27:13-86
64            android:exported="false"
64-->[:react-native-firebase_app] AndroidManifest.xml:28:13-37
65            android:initOrder="99" />
65-->[:react-native-firebase_app] AndroidManifest.xml:29:13-35
66
67        <activity
67-->[com.google.firebase:firebase-auth:21.3.0] AndroidManifest.xml:29:9-46:20
68            android:name="com.google.firebase.auth.internal.GenericIdpActivity"
68-->[com.google.firebase:firebase-auth:21.3.0] AndroidManifest.xml:30:13-80
69            android:excludeFromRecents="true"
69-->[com.google.firebase:firebase-auth:21.3.0] AndroidManifest.xml:31:13-46
70            android:exported="true"
70-->[com.google.firebase:firebase-auth:21.3.0] AndroidManifest.xml:32:13-36
71            android:launchMode="singleTask"
71-->[com.google.firebase:firebase-auth:21.3.0] AndroidManifest.xml:33:13-44
72            android:theme="@android:style/Theme.Translucent.NoTitleBar" >
72-->[com.google.firebase:firebase-auth:21.3.0] AndroidManifest.xml:34:13-72
73            <intent-filter>
73-->[com.google.firebase:firebase-auth:21.3.0] AndroidManifest.xml:35:13-45:29
74                <action android:name="android.intent.action.VIEW" />
74-->[com.google.firebase:firebase-auth:21.3.0] AndroidManifest.xml:36:17-69
74-->[com.google.firebase:firebase-auth:21.3.0] AndroidManifest.xml:36:25-66
75
76                <category android:name="android.intent.category.DEFAULT" />
76-->[com.google.firebase:firebase-auth:21.3.0] AndroidManifest.xml:38:17-76
76-->[com.google.firebase:firebase-auth:21.3.0] AndroidManifest.xml:38:27-73
77                <category android:name="android.intent.category.BROWSABLE" />
77-->[com.google.firebase:firebase-auth:21.3.0] AndroidManifest.xml:39:17-78
77-->[com.google.firebase:firebase-auth:21.3.0] AndroidManifest.xml:39:27-75
78
79                <data
79-->[com.google.firebase:firebase-auth:21.3.0] AndroidManifest.xml:41:17-44:51
80                    android:host="firebase.auth"
80-->[com.google.firebase:firebase-auth:21.3.0] AndroidManifest.xml:42:21-49
81                    android:path="/"
81-->[com.google.firebase:firebase-auth:21.3.0] AndroidManifest.xml:43:21-37
82                    android:scheme="genericidp" />
82-->[com.google.firebase:firebase-auth:21.3.0] AndroidManifest.xml:44:21-48
83            </intent-filter>
84        </activity>
85        <activity
85-->[com.google.firebase:firebase-auth:21.3.0] AndroidManifest.xml:47:9-64:20
86            android:name="com.google.firebase.auth.internal.RecaptchaActivity"
86-->[com.google.firebase:firebase-auth:21.3.0] AndroidManifest.xml:48:13-79
87            android:excludeFromRecents="true"
87-->[com.google.firebase:firebase-auth:21.3.0] AndroidManifest.xml:49:13-46
88            android:exported="true"
88-->[com.google.firebase:firebase-auth:21.3.0] AndroidManifest.xml:50:13-36
89            android:launchMode="singleTask"
89-->[com.google.firebase:firebase-auth:21.3.0] AndroidManifest.xml:51:13-44
90            android:theme="@android:style/Theme.Translucent.NoTitleBar" >
90-->[com.google.firebase:firebase-auth:21.3.0] AndroidManifest.xml:52:13-72
91            <intent-filter>
91-->[com.google.firebase:firebase-auth:21.3.0] AndroidManifest.xml:53:13-63:29
92                <action android:name="android.intent.action.VIEW" />
92-->[com.google.firebase:firebase-auth:21.3.0] AndroidManifest.xml:36:17-69
92-->[com.google.firebase:firebase-auth:21.3.0] AndroidManifest.xml:36:25-66
93
94                <category android:name="android.intent.category.DEFAULT" />
94-->[com.google.firebase:firebase-auth:21.3.0] AndroidManifest.xml:38:17-76
94-->[com.google.firebase:firebase-auth:21.3.0] AndroidManifest.xml:38:27-73
95                <category android:name="android.intent.category.BROWSABLE" />
95-->[com.google.firebase:firebase-auth:21.3.0] AndroidManifest.xml:39:17-78
95-->[com.google.firebase:firebase-auth:21.3.0] AndroidManifest.xml:39:27-75
96
97                <data
97-->[com.google.firebase:firebase-auth:21.3.0] AndroidManifest.xml:41:17-44:51
98                    android:host="firebase.auth"
98-->[com.google.firebase:firebase-auth:21.3.0] AndroidManifest.xml:42:21-49
99                    android:path="/"
99-->[com.google.firebase:firebase-auth:21.3.0] AndroidManifest.xml:43:21-37
100                    android:scheme="recaptcha" />
100-->[com.google.firebase:firebase-auth:21.3.0] AndroidManifest.xml:44:21-48
101            </intent-filter>
102        </activity>
103
104        <provider
104-->[com.google.firebase:firebase-common:20.3.2] AndroidManifest.xml:25:9-30:39
105            android:name="com.google.firebase.provider.FirebaseInitProvider"
105-->[com.google.firebase:firebase-common:20.3.2] AndroidManifest.xml:26:13-77
106            android:authorities="com.luxtechfirebase.firebaseinitprovider"
106-->[com.google.firebase:firebase-common:20.3.2] AndroidManifest.xml:27:13-72
107            android:directBootAware="true"
107-->[com.google.firebase:firebase-common:20.3.2] AndroidManifest.xml:28:13-43
108            android:exported="false"
108-->[com.google.firebase:firebase-common:20.3.2] AndroidManifest.xml:29:13-37
109            android:initOrder="100" />
109-->[com.google.firebase:firebase-common:20.3.2] AndroidManifest.xml:30:13-36
110
111        <activity
111-->[com.google.android.gms:play-services-auth:20.3.0] AndroidManifest.xml:23:9-27:75
112            android:name="com.google.android.gms.auth.api.signin.internal.SignInHubActivity"
112-->[com.google.android.gms:play-services-auth:20.3.0] AndroidManifest.xml:24:13-93
113            android:excludeFromRecents="true"
113-->[com.google.android.gms:play-services-auth:20.3.0] AndroidManifest.xml:25:13-46
114            android:exported="false"
114-->[com.google.android.gms:play-services-auth:20.3.0] AndroidManifest.xml:26:13-37
115            android:theme="@android:style/Theme.Translucent.NoTitleBar" />
115-->[com.google.android.gms:play-services-auth:20.3.0] AndroidManifest.xml:27:13-72
116        <!--
117            Service handling Google Sign-In user revocation. For apps that do not integrate with
118            Google Sign-In, this service will never be started.
119        -->
120        <service
120-->[com.google.android.gms:play-services-auth:20.3.0] AndroidManifest.xml:33:9-37:51
121            android:name="com.google.android.gms.auth.api.signin.RevocationBoundService"
121-->[com.google.android.gms:play-services-auth:20.3.0] AndroidManifest.xml:34:13-89
122            android:exported="true"
122-->[com.google.android.gms:play-services-auth:20.3.0] AndroidManifest.xml:35:13-36
123            android:permission="com.google.android.gms.auth.api.signin.permission.REVOCATION_NOTIFICATION"
123-->[com.google.android.gms:play-services-auth:20.3.0] AndroidManifest.xml:36:13-107
124            android:visibleToInstantApps="true" />
124-->[com.google.android.gms:play-services-auth:20.3.0] AndroidManifest.xml:37:13-48
125
126        <activity
126-->[com.google.android.gms:play-services-base:18.0.1] AndroidManifest.xml:20:9-22:45
127            android:name="com.google.android.gms.common.api.GoogleApiActivity"
127-->[com.google.android.gms:play-services-base:18.0.1] AndroidManifest.xml:20:19-85
128            android:exported="false"
128-->[com.google.android.gms:play-services-base:18.0.1] AndroidManifest.xml:22:19-43
129            android:theme="@android:style/Theme.Translucent.NoTitleBar" />
129-->[com.google.android.gms:play-services-base:18.0.1] AndroidManifest.xml:21:19-78
130
131        <meta-data
131-->[com.google.android.gms:play-services-basement:18.1.0] AndroidManifest.xml:21:9-23:69
132            android:name="com.google.android.gms.version"
132-->[com.google.android.gms:play-services-basement:18.1.0] AndroidManifest.xml:22:13-58
133            android:value="@integer/google_play_services_version" />
133-->[com.google.android.gms:play-services-basement:18.1.0] AndroidManifest.xml:23:13-66
134
135        <provider
135-->[androidx.emoji2:emoji2:1.0.0] AndroidManifest.xml:26:9-34:20
136            android:name="androidx.startup.InitializationProvider"
136-->[androidx.emoji2:emoji2:1.0.0] AndroidManifest.xml:27:13-67
137            android:authorities="com.luxtechfirebase.androidx-startup"
137-->[androidx.emoji2:emoji2:1.0.0] AndroidManifest.xml:28:13-68
138            android:exported="false" >
138-->[androidx.emoji2:emoji2:1.0.0] AndroidManifest.xml:29:13-37
139            <meta-data
139-->[androidx.emoji2:emoji2:1.0.0] AndroidManifest.xml:31:13-33:52
140                android:name="androidx.emoji2.text.EmojiCompatInitializer"
140-->[androidx.emoji2:emoji2:1.0.0] AndroidManifest.xml:32:17-75
141                android:value="androidx.startup" />
141-->[androidx.emoji2:emoji2:1.0.0] AndroidManifest.xml:33:17-49
142            <meta-data
142-->[androidx.lifecycle:lifecycle-process:2.4.0] AndroidManifest.xml:31:13-33:52
143                android:name="androidx.lifecycle.ProcessLifecycleInitializer"
143-->[androidx.lifecycle:lifecycle-process:2.4.0] AndroidManifest.xml:32:17-78
144                android:value="androidx.startup" />
144-->[androidx.lifecycle:lifecycle-process:2.4.0] AndroidManifest.xml:33:17-49
145        </provider>
146    </application>
147
148</manifest>